<?xml version="1.0" encoding="UTF-8"?>
<testsuite name="TestCalculator" tests="2" skipped="0" failures="0" errors="0" timestamp="2023-04-24T13:19:01" hostname="DESKTOP-4G3SIPT" time="0.021">
  <properties/>
  <testcase name="testAdd()" classname="TestCalculator" time="0.018"/>
  <testcase name="testSub()" classname="TestCalculator" time="0.002"/>
  <system-out><![CDATA[]]></system-out>
  <system-err><![CDATA[]]></system-err>
</testsuite>
